
2024/08/02 (19:16:09) | ===> btop++ v.1.3.2
2024/08/02 (19:16:09) | WARNING: Failed to get disk/partition stats for mount "/mnt/New\040Volume" with statvfs error code: 2. Ignoring...

2024/08/02 (19:42:47) | ===> btop++ v.1.3.2
2024/08/02 (19:42:47) | WARNING: Failed to get disk/partition stats for mount "/mnt/New\040Volume" with statvfs error code: 2. Ignoring...

2024/08/04 (10:07:24) | ===> btop++ v.1.3.2
2024/08/04 (10:07:24) | WARNING: Failed to get disk/partition stats for mount "/mnt/New\040Volume" with statvfs error code: 2. Ignoring...

2024/08/04 (12:09:42) | ===> btop++ v.1.3.2
2024/08/04 (12:09:42) | WARNING: Failed to get disk/partition stats for mount "/mnt/New\040Volume" with statvfs error code: 2. Ignoring...

2024/08/04 (12:11:57) | ===> btop++ v.1.3.2
2024/08/04 (12:11:57) | WARNING: Failed to get disk/partition stats for mount "/mnt/New\040Volume" with statvfs error code: 2. Ignoring...

2024/08/04 (21:09:50) | ===> btop++ v.1.3.2
2024/08/04 (21:09:50) | WARNING: Failed to get disk/partition stats for mount "/mnt/New\040Volume" with statvfs error code: 2. Ignoring...
2024/08/04 (21:11:02) | WARNING: Failed to get disk/partition stats for mount "/mnt/3AEC2912D82E9E80" with statvfs error code: 107. Ignoring...

2024/09/22 (14:25:45) | ===> btop++ v.1.3.2
2024/09/22 (14:25:45) | WARNING: Failed to get disk/partition stats for mount "/mnt/New\040Volume" with statvfs error code: 2. Ignoring...

2024/09/28 (18:48:30) | ===> btop++ v.1.3.2
2024/09/28 (18:48:30) | WARNING: Failed to get disk/partition stats for mount "/mnt/New\040Volume" with statvfs error code: 2. Ignoring...

2024/09/29 (16:33:30) | ===> btop++ v.1.3.2
2024/09/29 (16:33:30) | WARNING: Failed to get disk/partition stats for mount "/mnt/New\040Volume" with statvfs error code: 2. Ignoring...

2024/10/10 (18:52:23) | ===> btop++ v.1.4.0
2024/10/10 (18:52:23) | WARNING: Intel GPU: Failed to initialize PMU

2024/10/10 (18:53:47) | ===> btop++ v.1.4.0
2024/10/10 (18:53:47) | WARNING: Intel GPU: Failed to initialize PMU
2024/10/10 (18:53:52) | WARNING: Failed to get disk/partition stats for mount "/mnt/New\040Volume" with statvfs error code: 2. Ignoring...

2024/11/10 (13:56:34) | ===> btop++ v.1.4.0
2024/11/10 (13:56:34) | WARNING: Intel GPU: Failed to initialize PMU
2024/11/10 (13:56:34) | WARNING: Failed to get disk/partition stats for mount "/mnt/New\040Volume" with statvfs error code: 2. Ignoring...

2024/11/30 (06:31:33) | ===> btop++ v.1.4.0
2024/11/30 (06:31:33) | WARNING: Intel GPU: Failed to initialize PMU
2024/11/30 (06:31:33) | WARNING: Failed to get disk/partition stats for mount "/mnt/New\040Volume" with statvfs error code: 2. Ignoring...

2024/12/19 (11:53:52) | ===> btop++ v.1.4.0
2024/12/19 (11:53:52) | WARNING: Intel GPU: Failed to initialize PMU
2024/12/19 (11:54:01) | WARNING: Failed to get disk/partition stats for mount "/mnt/New\040Volume" with statvfs error code: 2. Ignoring...
2024/12/19 (11:55:03) | INFO: Logger set to INFO
2024/12/19 (11:55:03) | INFO: Logger set to DEBUG
2024/12/19 (11:55:04) | INFO: Logger set to INFO

2024/12/19 (11:55:27) | ===> btop++ v.1.4.0
2024/12/19 (11:55:27) | WARNING: Intel GPU: Failed to initialize PMU
2024/12/19 (11:55:27) | WARNING: Failed to get disk/partition stats for mount "/mnt/New\040Volume" with statvfs error code: 2. Ignoring...

2024/12/19 (11:55:31) | ===> btop++ v.1.4.0
2024/12/19 (11:55:31) | WARNING: Intel GPU: Failed to initialize PMU
2024/12/19 (11:55:31) | WARNING: Failed to get disk/partition stats for mount "/mnt/New\040Volume" with statvfs error code: 2. Ignoring...

2024/12/19 (15:30:03) | ===> btop++ v.1.4.0
2024/12/19 (15:30:03) | WARNING: Intel GPU: Failed to initialize PMU
2024/12/19 (15:30:03) | WARNING: Failed to get disk/partition stats for mount "/mnt/New\040Volume" with statvfs error code: 2. Ignoring...

2024/12/19 (15:32:55) | ===> btop++ v.1.4.0
2024/12/19 (15:32:55) | WARNING: Intel GPU: Failed to initialize PMU
2024/12/19 (15:32:55) | WARNING: Failed to get disk/partition stats for mount "/mnt/New\040Volume" with statvfs error code: 2. Ignoring...

2024/12/19 (16:07:18) | ===> btop++ v.1.4.0
2024/12/19 (16:07:18) | WARNING: Intel GPU: Failed to initialize PMU
2024/12/19 (16:07:29) | WARNING: Failed to get disk/partition stats for mount "/mnt/New\040Volume" with statvfs error code: 2. Ignoring...

2024/12/19 (16:43:00) | ===> btop++ v.1.4.0
2024/12/19 (16:43:00) | WARNING: Intel GPU: Failed to initialize PMU
2024/12/19 (16:43:00) | WARNING: Failed to get disk/partition stats for mount "/mnt/New\040Volume" with statvfs error code: 2. Ignoring...

2024/12/20 (12:53:16) | ===> btop++ v.1.4.0
2024/12/20 (12:53:16) | WARNING: Intel GPU: Failed to initialize PMU
2024/12/20 (12:53:16) | WARNING: Failed to get disk/partition stats for mount "/mnt/New\040Volume" with statvfs error code: 2. Ignoring...

2024/12/20 (12:57:23) | ===> btop++ v.1.4.0
2024/12/20 (12:57:23) | WARNING: Intel GPU: Failed to initialize PMU
2024/12/20 (12:57:23) | WARNING: Failed to get disk/partition stats for mount "/mnt/New\040Volume" with statvfs error code: 2. Ignoring...

2024/12/21 (21:59:54) | ===> btop++ v.1.4.0
2024/12/21 (21:59:54) | WARNING: Intel GPU: Failed to initialize PMU
2024/12/21 (21:59:54) | WARNING: Failed to get disk/partition stats for mount "/mnt/New\040Volume" with statvfs error code: 2. Ignoring...

2025/01/02 (17:23:53) | ===> btop++ v.1.4.0
2025/01/02 (17:23:53) | WARNING: Intel GPU: Failed to initialize PMU
2025/01/02 (17:23:53) | WARNING: Failed to get disk/partition stats for mount "/mnt/New\040Volume" with statvfs error code: 2. Ignoring...
2025/01/02 (17:48:35) | ERROR: Couldn't determine terminal size of "STDOUT_FILENO"!
2025/01/02 (17:48:35) | ERROR: Couldn't determine terminal size of "/dev/tty"!

2025/01/07 (21:57:17) | ===> btop++ v.1.4.0
2025/01/07 (21:57:17) | WARNING: Intel GPU: Failed to initialize PMU
2025/01/07 (21:57:17) | WARNING: Failed to get disk/partition stats for mount "/mnt/New\040Volume" with statvfs error code: 2. Ignoring...

2025/01/08 (19:19:17) | ===> btop++ v.1.4.0
2025/01/08 (19:19:17) | WARNING: Intel GPU: Failed to initialize PMU
2025/01/08 (19:19:17) | WARNING: Failed to get disk/partition stats for mount "/mnt/New\040Volume" with statvfs error code: 2. Ignoring...

2025/01/09 (21:19:05) | ===> btop++ v.1.4.0
2025/01/09 (21:19:05) | WARNING: Intel GPU: Failed to initialize PMU
2025/01/09 (21:19:05) | WARNING: Failed to get disk/partition stats for mount "/mnt/New\040Volume" with statvfs error code: 2. Ignoring...

2025/01/15 (16:39:10) | ===> btop++ v.1.4.0
2025/01/15 (16:39:10) | WARNING: Intel GPU: Failed to initialize PMU
2025/01/15 (16:39:10) | WARNING: Failed to get disk/partition stats for mount "/mnt/New\040Volume" with statvfs error code: 2. Ignoring...

2025/01/19 (17:53:59) | ===> btop++ v.1.4.0
2025/01/19 (17:53:59) | WARNING: Intel GPU: Failed to initialize PMU
2025/01/19 (17:54:02) | WARNING: Failed to get disk/partition stats for mount "/mnt/New\040Volume" with statvfs error code: 2. Ignoring...

2025/01/19 (18:08:43) | ===> btop++ v.1.4.0
2025/01/19 (18:08:43) | WARNING: Intel GPU: Failed to initialize PMU

2025/01/19 (18:58:56) | ===> btop++ v.1.4.0
2025/01/19 (18:58:56) | WARNING: Intel GPU: Failed to initialize PMU
2025/01/19 (18:58:56) | WARNING: Failed to get disk/partition stats for mount "/mnt/New\040Volume" with statvfs error code: 2. Ignoring...

2025/01/26 (20:01:15) | ===> btop++ v.1.4.0
2025/01/26 (20:01:15) | WARNING: Intel GPU: Failed to initialize PMU
2025/01/26 (20:01:15) | WARNING: Failed to get disk/partition stats for mount "/mnt/New\040Volume" with statvfs error code: 2. Ignoring...

2025/02/08 (20:05:17) | ===> btop++ v.1.4.0
2025/02/08 (20:05:17) | WARNING: Intel GPU: Failed to initialize PMU
2025/02/08 (20:05:17) | WARNING: Failed to get disk/partition stats for mount "/mnt/New\040Volume" with statvfs error code: 2. Ignoring...

2025/02/16 (07:43:38) | ===> btop++ v.1.4.0
2025/02/16 (07:43:38) | WARNING: Intel GPU: Failed to initialize PMU

2025/02/16 (07:43:44) | ===> btop++ v.1.4.0
2025/02/16 (07:43:44) | WARNING: Intel GPU: Failed to initialize PMU
2025/02/16 (07:43:44) | WARNING: Failed to get disk/partition stats for mount "/mnt/New\040Volume" with statvfs error code: 2. Ignoring...

2025/02/21 (16:54:06) | ===> btop++ v.1.4.0
2025/02/21 (16:54:06) | WARNING: Intel GPU: Failed to initialize PMU
2025/02/21 (16:54:06) | WARNING: Failed to get disk/partition stats for mount "/mnt/New\040Volume" with statvfs error code: 2. Ignoring...

2025/02/21 (18:35:43) | ===> btop++ v.1.4.0
2025/02/21 (18:35:43) | WARNING: Intel GPU: Failed to initialize PMU
2025/02/21 (18:35:43) | WARNING: Failed to get disk/partition stats for mount "/mnt/New\040Volume" with statvfs error code: 2. Ignoring...

2025/02/21 (19:04:55) | ===> btop++ v.1.4.0
2025/02/21 (19:04:55) | WARNING: Intel GPU: Failed to initialize PMU
2025/02/21 (19:04:57) | WARNING: Failed to get disk/partition stats for mount "/mnt/New\040Volume" with statvfs error code: 2. Ignoring...

2025/03/06 (19:15:53) | ===> btop++ v.1.4.0
2025/03/06 (19:15:53) | WARNING: Intel GPU: Failed to initialize PMU
2025/03/06 (19:15:54) | WARNING: Failed to get disk/partition stats for mount "/mnt/New\040Volume" with statvfs error code: 2. Ignoring...

2025/03/06 (19:17:04) | ===> btop++ v.1.4.0
2025/03/06 (19:17:04) | WARNING: Intel GPU: Failed to initialize PMU
2025/03/06 (19:17:04) | WARNING: Failed to get disk/partition stats for mount "/mnt/New\040Volume" with statvfs error code: 2. Ignoring...

2025/03/06 (22:08:46) | ===> btop++ v.1.4.0
2025/03/06 (22:08:46) | WARNING: Intel GPU: Failed to initialize PMU
2025/03/06 (22:08:46) | WARNING: Failed to get disk/partition stats for mount "/mnt/New\040Volume" with statvfs error code: 2. Ignoring...

2025/03/08 (10:20:50) | ===> btop++ v.1.4.0
2025/03/08 (10:20:50) | WARNING: Intel GPU: Failed to initialize PMU
2025/03/08 (10:20:51) | WARNING: Failed to get disk/partition stats for mount "/mnt/New\040Volume" with statvfs error code: 2. Ignoring...

2025/03/16 (10:31:56) | ===> btop++ v.1.4.0
2025/03/16 (10:31:56) | WARNING: Intel GPU: Failed to initialize PMU
2025/03/16 (10:31:56) | WARNING: Failed to get disk/partition stats for mount "/mnt/New\040Volume" with statvfs error code: 2. Ignoring...

2025/04/10 (09:45:23) | ===> btop++ v.1.4.0
2025/04/10 (09:45:23) | WARNING: Intel GPU: Failed to initialize PMU
2025/04/10 (09:45:23) | WARNING: Failed to get disk/partition stats for mount "/mnt/New\040Volume" with statvfs error code: 2. Ignoring...

2025/04/12 (16:03:13) | ===> btop++ v.1.4.0
2025/04/12 (16:03:13) | WARNING: Intel GPU: Failed to initialize PMU
2025/04/12 (16:03:13) | WARNING: Failed to get disk/partition stats for mount "/mnt/New\040Volume" with statvfs error code: 2. Ignoring...

2025/04/17 (21:22:59) | ===> btop++ v.1.4.0
2025/04/17 (21:22:59) | WARNING: Intel GPU: Failed to initialize PMU

2025/05/01 (17:14:47) | ===> btop++ v.1.4.0
2025/05/01 (17:14:47) | WARNING: Intel GPU: Failed to initialize PMU
2025/05/01 (17:14:47) | WARNING: Failed to get disk/partition stats for mount "/mnt/New\040Volume" with statvfs error code: 2. Ignoring...

2025/05/01 (20:00:01) | ===> btop++ v.1.4.0
2025/05/01 (20:00:01) | WARNING: Intel GPU: Failed to initialize PMU
2025/05/01 (20:00:01) | WARNING: Failed to get disk/partition stats for mount "/mnt/New\040Volume" with statvfs error code: 2. Ignoring...

2025/05/02 (19:46:53) | ===> btop++ v.1.4.0
2025/05/02 (19:46:53) | WARNING: Intel GPU: Failed to initialize PMU
2025/05/02 (19:46:54) | WARNING: Failed to get disk/partition stats for mount "/mnt/New\040Volume" with statvfs error code: 2. Ignoring...

2025/05/03 (11:57:34) | ===> btop++ v.1.4.0
2025/05/03 (11:57:34) | WARNING: Intel GPU: Failed to initialize PMU

2025/05/03 (17:21:35) | ===> btop++ v.1.4.0
2025/05/03 (17:21:35) | WARNING: Intel GPU: Failed to initialize PMU
2025/05/03 (17:21:36) | WARNING: Failed to get disk/partition stats for mount "/mnt/New\040Volume" with statvfs error code: 2. Ignoring...

2025/05/05 (21:29:55) | ===> btop++ v.1.4.0
2025/05/05 (21:29:55) | WARNING: Intel GPU: Failed to initialize PMU
2025/05/05 (21:29:55) | WARNING: Failed to get disk/partition stats for mount "/mnt/New\040Volume" with statvfs error code: 2. Ignoring...
